0 info it worked if it ends with ok
1 verbose cli [ '/usr/local/bin/node', '/usr/local/bin/npm', 'start' ]
2 info using npm@3.10.8
3 info using node@v6.9.1
4 verbose run-script [ 'prestart', 'start', 'poststart' ]
5 info lifecycle webhook-echo-sample@1.0.0~prestart: webhook-echo-sample@1.0.0
6 silly lifecycle webhook-echo-sample@1.0.0~prestart: no script for prestart, continuing
7 info lifecycle webhook-echo-sample@1.0.0~start: webhook-echo-sample@1.0.0
8 verbose lifecycle webhook-echo-sample@1.0.0~start: unsafe-perm in lifecycle true
9 verbose lifecycle webhook-echo-sample@1.0.0~start: PATH: /usr/local/lib/node_modules/npm/bin/node-gyp-bin:/Users/appledev116/Documents/mwc_huang/projects/Webhook-and-API.AI-Echo-Sample/node_modules/.bin:/Users/appledev116/Downloads/google-cloud-sdk/bin:/Users/appledev116/google-cloud-sdk/bin:/usr/local/bin:/usr/bin:/bin:/usr/sbin:/sbin:/Users/appledev116/Library/Android/sdk/tools:/Users/appledev116/Library/Android/sdk/platform-tools
10 verbose lifecycle webhook-echo-sample@1.0.0~start: CWD: /Users/appledev116/Documents/mwc_huang/projects/Webhook-and-API.AI-Echo-Sample
11 silly lifecycle webhook-echo-sample@1.0.0~start: Args: [ '-c', 'node index.js' ]
12 silly lifecycle webhook-echo-sample@1.0.0~start: Returned: code: 1  signal: null
13 info lifecycle webhook-echo-sample@1.0.0~start: Failed to exec start script
14 verbose stack Error: webhook-echo-sample@1.0.0 start: `node index.js`
14 verbose stack Exit status 1
14 verbose stack     at EventEmitter.<anonymous> (/usr/local/lib/node_modules/npm/lib/utils/lifecycle.js:255:16)
14 verbose stack     at emitTwo (events.js:106:13)
14 verbose stack     at EventEmitter.emit (events.js:191:7)
14 verbose stack     at ChildProcess.<anonymous> (/usr/local/lib/node_modules/npm/lib/utils/spawn.js:40:14)
14 verbose stack     at emitTwo (events.js:106:13)
14 verbose stack     at ChildProcess.emit (events.js:191:7)
14 verbose stack     at maybeClose (internal/child_process.js:877:16)
14 verbose stack     at Process.ChildProcess._handle.onexit (internal/child_process.js:226:5)
15 verbose pkgid webhook-echo-sample@1.0.0
16 verbose cwd /Users/appledev116/Documents/mwc_huang/projects/Webhook-and-API.AI-Echo-Sample
17 error Darwin 14.5.0
18 error argv "/usr/local/bin/node" "/usr/local/bin/npm" "start"
19 error node v6.9.1
20 error npm  v3.10.8
21 error code ELIFECYCLE
22 error webhook-echo-sample@1.0.0 start: `node index.js`
22 error Exit status 1
23 error Failed at the webhook-echo-sample@1.0.0 start script 'node index.js'.
23 error Make sure you have the latest version of node.js and npm installed.
23 error If you do, this is most likely a problem with the webhook-echo-sample package,
23 error not with npm itself.
23 error Tell the author that this fails on your system:
23 error     node index.js
23 error You can get information on how to open an issue for this project with:
23 error     npm bugs webhook-echo-sample
23 error Or if that isn't available, you can get their info via:
23 error     npm owner ls webhook-echo-sample
23 error There is likely additional logging output above.
24 verbose exit [ 1, true ]
